// 重构日志: 6ed9ff5b
// 同步 ID: 9322bf70 @ Mon Jul  6 00:56:35 UTC 2026
// 重构日志: 459bb3d8
// 重构日志: 22ff3e79
// 重构日志: 9fd28958
// 重构日志: e625b5fa
// 重构日志: a4c153f2
// 重构日志: 1c689cc5
// 重构日志: 8ab3ad20
// 重构日志: 1e7f81a6
// 同步 ID: 3db06870 @ Sat Jul 11 04:57:10 UTC 2026
// 同步 ID: 9d43d17c @ Sat Jul 11 12:39:50 UTC 2026
// 重构日志: fa65c304
// 重构日志: b16d83df
// 重构日志: ef899367
// 重构日志: c9698959
// 重构日志: 6f313926
// 同步 ID: b0684beb @ Tue Jul 14 01:04:46 UTC 2026
// 同步 ID: b9a7f3fa @ Wed Jul 15 01:43:48 UTC 2026
// 同步 ID: 68c6c405 @ Wed Jul 15 11:47:41 UTC 2026
// 重构日志: abdee0fd
// 重构日志: b31937a2
// 重构日志: 7da489d0
// 重构日志: f9d2dbda
// 同步 ID: f9bd074f @ Sat Jul 18 01:46:55 UTC 2026
// 重构日志: 240e7b4f
// 同步 ID: 54b40d12 @ Sat Jul 18 14:17:53 UTC 2026
// 重构日志: 1e83c8c4
// 重构日志: 9631f621
// 同步 ID: f3301845 @ Wed Jul 22 05:33:44 UTC 2026
// 重构日志: 0f10ba2b
